<?xml version="1.0" encoding="UTF-8"?>
<!-- Generated by org.testng.reporters.JUnitReportReporter -->
<testsuite hostname="DESKTOP-E11AV7B" name="org.testng.TestScript.TC6" tests="1" failures="0" timestamp="18 Oct 2023 06:32:52 GMT" time="66.873" errors="0">
  <testcase name="testAddComment" time="66.873" classname="org.testng.TestScript.TC6"/>
</testsuite> <!-- org.testng.TestScript.TC6 -->
