<?xml version="1.0" encoding="UTF-8"?>
<!-- Generated by org.testng.reporters.JUnitReportReporter -->
<testsuite hostname="DESKTOP-E11AV7B" name="org.testng.TestScript.TC2" tests="1" failures="0" timestamp="18 Oct 2023 06:17:10 GMT" time="58.608" errors="0">
  <testcase name="testHistory" time="58.608" classname="org.testng.TestScript.TC2"/>
</testsuite> <!-- org.testng.TestScript.TC2 -->
