<?xml version="1.0" encoding="UTF-8"?>
<!-- Generated by org.testng.reporters.JUnitReportReporter -->
<testsuite hostname="DESKTOP-E11AV7B" name="org.testng.TestScript.TC3" tests="1" failures="0" timestamp="18 Oct 2023 06:17:10 GMT" time="50.336" errors="0">
  <testcase name="testSubscription" time="50.336" classname="org.testng.TestScript.TC3"/>
</testsuite> <!-- org.testng.TestScript.TC3 -->
