<?xml version="1.0" encoding="UTF-8"?>
<!-- Generated by org.testng.reporters.JUnitReportReporter -->
<testsuite hostname="DESKTOP-E11AV7B" name="org.testng.TestScript.TC8" tests="1" failures="0" timestamp="18 Oct 2023 06:17:10 GMT" time="46.537" errors="0">
  <testcase name="testLibrary" time="46.537" classname="org.testng.TestScript.TC8"/>
</testsuite> <!-- org.testng.TestScript.TC8 -->
