<?xml version="1.0" encoding="UTF-8"?>
<!-- Generated by org.testng.reporters.JUnitReportReporter -->
<testsuite hostname="DESKTOP-E11AV7B" name="com.googlestock.GoogleFinance" tests="1" failures="0" timestamp="2 Oct 2023 03:38:38 GMT" time="16.531" errors="0">
  <testcase name="getLastGoogleFinance" time="16.531" classname="com.googlestock.GoogleFinance"/>
</testsuite> <!-- com.googlestock.GoogleFinance -->
