<?xml version="1.0" encoding="UTF-8"?>
<!-- Generated by org.testng.reporters.JUnitReportReporter -->
<testsuite hostname="DESKTOP-E11AV7B" name="org.assignment.googlefinance.GoogleFinance" tests="1" failures="0" timestamp="30 Sep 2023 14:24:03 GMT" time="16.654" errors="0">
  <testcase name="getLastGoogleFinance" time="16.654" classname="org.assignment.googlefinance.GoogleFinance"/>
</testsuite> <!-- org.assignment.googlefinance.GoogleFinance -->
