<?xml version="1.0" encoding="UTF-8"?>
<!-- Generated by org.testng.reporters.JUnitReportReporter -->
<testsuite hostname="DESKTOP-E11AV7B" failures="0" tests="1" name="org.testng.TestScript.AppTest" time="0.002" errors="0" timestamp="2023-10-02T14:35:14 IST" skipped="0">
  <testcase classname="org.testng.TestScript.AppTest" name="testApp" time="0.002"/>
  <system-out/>
</testsuite> <!-- org.testng.TestScript.AppTest -->
